
      0.000,,objbill,12,g:\objbill\objbill.fxp,1
      0.000,,objbill,13,g:\objbill\objbill.fxp,1
      0.000,,objbill,14,g:\objbill\objbill.fxp,1
      0.000,,objbill,15,g:\objbill\objbill.fxp,1
      0.000,,objbill,16,g:\objbill\objbill.fxp,1
      2.418,,objbill,20,g:\objbill\objbill.fxp,1
      0.000,,objbill,21,g:\objbill\objbill.fxp,1
      0.000,,objbill,22,g:\objbill\objbill.fxp,1
      0.000,,objbill,24,g:\objbill\objbill.fxp,1
      0.000,,objbill,25,g:\objbill\objbill.fxp,1
      0.686,,objbill,26,g:\objbill\objbill.fxp,1
      0.000,,objbill,28,g:\objbill\objbill.fxp,1
      0.000,,objbill,29,g:\objbill\objbill.fxp,1
      0.000,,objbill,31,g:\objbill\objbill.fxp,1
      0.016,,objbill,32,g:\objbill\objbill.fxp,1
      0.000,,objbill,34,g:\objbill\objbill.fxp,1
      0.000,,objbill,35,g:\objbill\objbill.fxp,1
      0.000,,objbill,36,g:\objbill\objbill.fxp,1
      1.685,,objbill,48,g:\objbill\objbill.fxp,1
      1.685,kntbill,init,113,g:\objbill\objbill.fxp,2
      0.000,bill,init,416,g:\objbill\objbill.fxp,3
      1.653,bill,init,418,g:\objbill\objbill.fxp,3
      1.014,kntitm,init,481,g:\objbill\objbill.fxp,4
      0.000,kntitm,init,482,g:\objbill\objbill.fxp,4
      0.639,kntitm,init,483,g:\objbill\objbill.fxp,4
      0.015,itm,init,700,g:\objbill\objbill.fxp,5
      0.593,itm,init,701,g:\objbill\objbill.fxp,5
      0.000,itm,init,703,g:\objbill\objbill.fxp,5
      0.016,itm,init,704,g:\objbill\objbill.fxp,5
      0.016,omcs,init,794,g:\objbill\objbill.fxp,6
      0.000,kmcs,init,25,g:\objbill\objmcs.fxp,7
      0.000,kmcs,init,26,g:\objbill\objmcs.fxp,7
      0.000,mcsd,init,139,g:\objbill\objmcs.fxp,8
      0.000,mcsd,init,140,g:\objbill\objmcs.fxp,8
      0.000,kmcs,init,27,g:\objbill\objmcs.fxp,7
      0.000,omcs,init,795,g:\objbill\objbill.fxp,6
      0.000,omcs,init,796,g:\objbill\objbill.fxp,6
      0.000,omcs,init,797,g:\objbill\objbill.fxp,6
      0.015,itm,init,705,g:\objbill\objbill.fxp,5
      0.000,kmcs,init,25,g:\objbill\objmcs.fxp,6
      0.015,kmcs,init,26,g:\objbill\objmcs.fxp,6
      0.000,mcsd,init,139,g:\objbill\objmcs.fxp,7
      0.000,mcsd,init,140,g:\objbill\objmcs.fxp,7
      0.000,kmcs,init,27,g:\objbill\objmcs.fxp,6
      0.000,itm,init,706,g:\objbill\objbill.fxp,5
      0.000,kntitm,init,484,g:\objbill\objbill.fxp,4
      0.000,kntitm,init,485,g:\objbill\objbill.fxp,4
      0.000,kntitm,init,486,g:\objbill\objbill.fxp,4
      0.000,kntitm,init,487,g:\objbill\objbill.fxp,4
      0.000,kntitm,init,488,g:\objbill\objbill.fxp,4
      0.000,kntitm,init,491,g:\objbill\objbill.fxp,4
      0.000,bill,init,419,g:\objbill\objbill.fxp,3
      0.000,bill,init,420,g:\objbill\objbill.fxp,3
      0.000,otrsp,init,1006,g:\objbill\objbill.fxp,4
      0.000,bill,init,421,g:\objbill\objbill.fxp,3
      0.000,bill,init,422,g:\objbill\objbill.fxp,3
      0.000,bill,init,423,g:\objbill\objbill.fxp,3
      0.016,bill,init,425,g:\objbill\objbill.fxp,3
      0.000,kprty,init,17,g:\objbill\objparty.fxp,4
      0.016,kprty,init,18,g:\objbill\objparty.fxp,4
      0.000,kprty,init,19,g:\objbill\objparty.fxp,4
      0.000,kprty,init,20,g:\objbill\objparty.fxp,4
      0.000,kprty,init,21,g:\objbill\objparty.fxp,4
      0.000,kprty,init,22,g:\objbill\objparty.fxp,4
      0.000,kprty,init,23,g:\objbill\objparty.fxp,4
      0.000,kprty,init,24,g:\objbill\objparty.fxp,4
      0.000,kprty,init,26,g:\objbill\objparty.fxp,4
      0.000,bill,init,426,g:\objbill\objbill.fxp,3
      0.000,bill,init,427,g:\objbill\objbill.fxp,3
      0.000,kntbill,init,114,g:\objbill\objbill.fxp,2
      0.000,kntbill,init,115,g:\objbill\objbill.fxp,2
      0.000,kntbill,init,117,g:\objbill\objbill.fxp,2
      0.000,,objbill,49,g:\objbill\objbill.fxp,1
      0.000,,objbill,50,g:\objbill\objbill.fxp,1
      0.000,,objbill,51,g:\objbill\objbill.fxp,1
      0.000,,objbill,52,g:\objbill\objbill.fxp,1
      0.000,,objbill,53,g:\objbill\objbill.fxp,1
      0.000,kntbill,set_cyb,126,g:\objbill\objbill.fxp,2
      0.000,kntbill,set_cyb,127,g:\objbill\objbill.fxp,2
      0.000,kntbill,set_cyb,128,g:\objbill\objbill.fxp,2
      0.000,kntbill,set_cyb,129,g:\objbill\objbill.fxp,2
      0.000,kntbill,set_cyb,134,g:\objbill\objbill.fxp,2
      0.000,kntbill,set_cyb,135,g:\objbill\objbill.fxp,2
      0.000,kntbill,set_cyb,136,g:\objbill\objbill.fxp,2
      0.000,kntbill,set_cyb,142,g:\objbill\objbill.fxp,2
      0.000,kntbill,set_cyb,143,g:\objbill\objbill.fxp,2
      0.000,kntbill,set_cyb,144,g:\objbill\objbill.fxp,2
      0.000,kntbill,set_cyb,145,g:\objbill\objbill.fxp,2
      0.000,kntbill,set_cyb,146,g:\objbill\objbill.fxp,2
      0.000,kntbill,set_cyb,147,g:\objbill\objbill.fxp,2
      0.000,kntbill,set_cyb,148,g:\objbill\objbill.fxp,2
      0.000,kntbill,set_cyb,149,g:\objbill\objbill.fxp,2
      0.000,kntbill,set_cyb,150,g:\objbill\objbill.fxp,2
      0.000,kntbill,set_cyb,151,g:\objbill\objbill.fxp,2
      0.000,kntbill,set_cyb,152,g:\objbill\objbill.fxp,2
      0.000,kntbill,set_cyb,153,g:\objbill\objbill.fxp,2
      0.000,kntbill,set_cyb,158,g:\objbill\objbill.fxp,2
      0.000,,objbill,54,g:\objbill\objbill.fxp,1
      0.000,,objbill,57,g:\objbill\objbill.fxp,1
      0.000,,frmtup.init,1,g:\objbill\frmtup.sct,2
      0.000,,frmtup.init,2,g:\objbill\frmtup.sct,2
      0.015,,objbill,58,g:\objbill\objbill.fxp,1
      0.016,,objbill,59,g:\objbill\objbill.fxp,1
      0.000,,frmopr.init,1,g:\objbill\frmopr.sct,2
      0.000,,frmopr.init,2,g:\objbill\frmopr.sct,2
      0.000,,frmopr.init,3,g:\objbill\frmopr.sct,2
      0.000,,frmopr.init,4,g:\objbill\frmopr.sct,2
      0.000,,frmopr.init,7,g:\objbill\frmopr.sct,2
      0.000,,frmopr.init,8,g:\objbill\frmopr.sct,2
      0.000,,frmopr.init,9,g:\objbill\frmopr.sct,2
      0.016,,frmopr.init,11,g:\objbill\frmopr.sct,2
      0.000,,frmopr.tgl_sw,4,g:\objbill\frmopr.sct,3
      0.000,,frmopr.tgl_sw,7,g:\objbill\frmopr.sct,3
      0.000,,frmopr.tgl_sw,8,g:\objbill\frmopr.sct,3
      0.000,,frmopr.tgl_sw,9,g:\objbill\frmopr.sct,3
      0.000,,frmopr.tgl_sw,12,g:\objbill\frmopr.sct,3
      0.000,,frmopr.tgl_sw,13,g:\objbill\frmopr.sct,3
      0.016,,frmopr.tgl_sw,14,g:\objbill\frmopr.sct,3
      0.000,,frmopr.tgl_sw,15,g:\objbill\frmopr.sct,3
      0.000,,frmopr.tgl_sw,16,g:\objbill\frmopr.sct,3
      0.000,,frmopr.tgl_sw,17,g:\objbill\frmopr.sct,3
      0.000,,frmopr.tgl_sw,18,g:\objbill\frmopr.sct,3
      0.000,,frmopr.tgl_sw,19,g:\objbill\frmopr.sct,3
      0.000,,frmopr.tgl_sw,21,g:\objbill\frmopr.sct,3
      0.000,,frmopr.tgl_sw,24,g:\objbill\frmopr.sct,3
      0.000,,frmopr.tgl_sw,25,g:\objbill\frmopr.sct,3
      0.000,,frmopr.tgl_sw,26,g:\objbill\frmopr.sct,3
      0.000,,frmopr.tgl_sw,27,g:\objbill\frmopr.sct,3
      0.000,,frmopr.tgl_sw,29,g:\objbill\frmopr.sct,3
      0.000,,objbill,61,g:\objbill\objbill.fxp,1
      0.000,,objbill,62,g:\objbill\objbill.fxp,1
      0.000,,objbill,63,g:\objbill\objbill.fxp,1
      0.000,,objbill,64,g:\objbill\objbill.fxp,1
      0.000,,objbill,66,g:\objbill\objbill.fxp,1
      0.000,,objbill,67,g:\objbill\objbill.fxp,1
      0.000,,objbill,68,g:\objbill\objbill.fxp,1
      0.000,,objbill,69,g:\objbill\objbill.fxp,1
      0.000,,objbill,74,g:\objbill\objbill.fxp,1
      0.000,,objbill,75,g:\objbill\objbill.fxp,1
      0.000,,objbill,76,g:\objbill\objbill.fxp,1
     39.764,,objbill,77,g:\objbill\objbill.fxp,1
      0.000,,frmopr.cmdbkopn.click,2,g:\objbill\frmopr.sct,2
      0.000,,frmopr.cmdbkopn.click,3,g:\objbill\frmopr.sct,2
      0.000,,frmopr.cmdbkopn.click,4,g:\objbill\frmopr.sct,2
      0.000,,frmopr.cmdbkopn.click,5,g:\objbill\frmopr.sct,2
      0.000,,frmopr.cmdbkopn.click,7,g:\objbill\frmopr.sct,2
      0.000,,frmopr.cmdbkopn.click,8,g:\objbill\frmopr.sct,2
      0.000,kntbill,set_cyb,126,g:\objbill\objbill.fxp,3
      0.000,kntbill,set_cyb,127,g:\objbill\objbill.fxp,3
      0.000,kntbill,set_cyb,128,g:\objbill\objbill.fxp,3
      0.000,kntbill,set_cyb,129,g:\objbill\objbill.fxp,3
      0.000,kntbill,set_cyb,134,g:\objbill\objbill.fxp,3
      0.000,kntbill,set_cyb,135,g:\objbill\objbill.fxp,3
      0.000,kntbill,set_cyb,136,g:\objbill\objbill.fxp,3
      0.000,kntbill,set_cyb,142,g:\objbill\objbill.fxp,3
      0.000,kntbill,set_cyb,143,g:\objbill\objbill.fxp,3
      0.000,kntbill,set_cyb,144,g:\objbill\objbill.fxp,3
      0.000,kntbill,set_cyb,145,g:\objbill\objbill.fxp,3
      0.000,kntbill,set_cyb,146,g:\objbill\objbill.fxp,3
      0.000,kntbill,set_cyb,147,g:\objbill\objbill.fxp,3
      0.000,kntbill,set_cyb,148,g:\objbill\objbill.fxp,3
      0.000,kntbill,set_cyb,149,g:\objbill\objbill.fxp,3
      0.000,kntbill,set_cyb,150,g:\objbill\objbill.fxp,3
      0.000,kntbill,set_cyb,151,g:\objbill\objbill.fxp,3
      0.000,kntbill,set_cyb,152,g:\objbill\objbill.fxp,3
      0.000,kntbill,set_cyb,153,g:\objbill\objbill.fxp,3
      0.000,kntbill,set_cyb,158,g:\objbill\objbill.fxp,3
      0.000,,frmopr.cmdbkopn.click,14,g:\objbill\frmopr.sct,2
      0.000,,frmopr.tgl_sw,4,g:\objbill\frmopr.sct,3
      0.000,,frmopr.tgl_sw,7,g:\objbill\frmopr.sct,3
      0.000,,frmopr.tgl_sw,8,g:\objbill\frmopr.sct,3
      0.000,,frmopr.tgl_sw,9,g:\objbill\frmopr.sct,3
      0.000,,frmopr.tgl_sw,12,g:\objbill\frmopr.sct,3
      0.000,,frmopr.tgl_sw,13,g:\objbill\frmopr.sct,3
      0.000,,frmopr.tgl_sw,14,g:\objbill\frmopr.sct,3
      0.000,,frmopr.tgl_sw,15,g:\objbill\frmopr.sct,3
      0.000,,frmopr.tgl_sw,16,g:\objbill\frmopr.sct,3
      0.000,,frmopr.tgl_sw,17,g:\objbill\frmopr.sct,3
      0.000,,frmopr.tgl_sw,18,g:\objbill\frmopr.sct,3
      0.000,,frmopr.tgl_sw,19,g:\objbill\frmopr.sct,3
      0.000,,frmopr.tgl_sw,21,g:\objbill\frmopr.sct,3
      0.000,,frmopr.tgl_sw,22,g:\objbill\frmopr.sct,3
      0.000,,frmopr.tgl_sw,23,g:\objbill\frmopr.sct,3
      0.000,,frmopr.tgl_sw,26,g:\objbill\frmopr.sct,3
      0.000,,frmopr.tgl_sw,27,g:\objbill\frmopr.sct,3
      0.000,,frmopr.tgl_sw,29,g:\objbill\frmopr.sct,3
      0.000,,frmopr.cmdbkopn.click,15,g:\objbill\frmopr.sct,2
      1.357,,frmopr.cmdbkopn.click,16,g:\objbill\frmopr.sct,2
      0.000,,frmopr.cmdbkopn.click,17,g:\objbill\frmopr.sct,2
      0.000,,frmopr.cmdbkopn.click,18,g:\objbill\frmopr.sct,2
      0.000,,frmopr.cmdbkopn.click,19,g:\objbill\frmopr.sct,2
      0.000,,frmopr.cgropr.click,2,g:\objbill\frmopr.sct,2
      0.000,,frmopr.cgropr.click,3,g:\objbill\frmopr.sct,2
      0.000,,frmopr.cgropr.click,4,g:\objbill\frmopr.sct,2
           ,,frmopr.cgropr.click,5,g:\objbill\frmopr.sct,2
           ,,frmopr.cgropr.click,6,g:\objbill\frmopr.sct,2
      0.000,,frmopr.cgropr.click,10,g:\objbill\frmopr.sct,2
      0.000,,frmopr.cgropr.click,11,g:\objbill\frmopr.sct,2
      0.000,,frmopr.cgropr.click,12,g:\objbill\frmopr.sct,2
      0.000,,frmopr.cgropr.click,13,g:\objbill\frmopr.sct,2
     29.952,,frmopr.cgropr.click,14,g:\objbill\frmopr.sct,2
      0.000,kntbill,edibill,177,g:\objbill\objbill.fxp,3
      5.616,kntbill,edibill,178,g:\objbill\objbill.fxp,3
      0.000,kntbill,getbill,242,g:\objbill\objbill.fxp,4
      0.000,kntbill,getbill,244,g:\objbill\objbill.fxp,4
      0.000,kntbill,getbill,245,g:\objbill\objbill.fxp,4
      0.000,kntbill,getbill,247,g:\objbill\objbill.fxp,4
      0.000,kntbill,getbill,249,g:\objbill\objbill.fxp,4
      0.000,kntbill,getbill,250,g:\objbill\objbill.fxp,4
      0.000,kntbill,getbill,251,g:\objbill\objbill.fxp,4
      0.000,kntbill,getbill,252,g:\objbill\objbill.fxp,4
      0.000,kntbill,getbill,253,g:\objbill\objbill.fxp,4
      0.000,kntbill,getbill,254,g:\objbill\objbill.fxp,4
      0.015,kntbill,getbill,255,g:\objbill\objbill.fxp,4
      0.000,kntbill,getbill,256,g:\objbill\objbill.fxp,4
      0.000,kntbill,getbill,257,g:\objbill\objbill.fxp,4
      0.000,kntbill,getbill,258,g:\objbill\objbill.fxp,4
      0.000,kntbill,getbill,259,g:\objbill\objbill.fxp,4
      0.000,kntbill,getbill,260,g:\objbill\objbill.fxp,4
      0.000,kntbill,getbill,261,g:\objbill\objbill.fxp,4
      0.999,kntbill,getbill,265,g:\objbill\objbill.fxp,4
      0.983,oord,get_obj,978,g:\objbill\objbill.fxp,5
      0.000,oord,get_obj,980,g:\objbill\objbill.fxp,5
      0.000,oord,get_obj,981,g:\objbill\objbill.fxp,5
      0.000,oord,get_obj,982,g:\objbill\objbill.fxp,5
      0.016,oord,get_obj,983,g:\objbill\objbill.fxp,5
      0.000,oord,get_obj,984,g:\objbill\objbill.fxp,5
      0.000,oord,get_obj,986,g:\objbill\objbill.fxp,5
      0.000,oord,get_obj,987,g:\objbill\objbill.fxp,5
      0.000,oord,get_obj,988,g:\objbill\objbill.fxp,5
      0.577,kntbill,getbill,267,g:\objbill\objbill.fxp,4
      0.561,otrsp,get_obj,1032,g:\objbill\objbill.fxp,5
      0.000,otrsp,get_obj,1034,g:\objbill\objbill.fxp,5
      0.000,otrsp,get_obj,1035,g:\objbill\objbill.fxp,5
      0.000,otrsp,get_obj,1036,g:\objbill\objbill.fxp,5
      0.000,otrsp,get_obj,1037,g:\objbill\objbill.fxp,5
      0.000,otrsp,get_obj,1038,g:\objbill\objbill.fxp,5
      0.000,otrsp,get_obj,1039,g:\objbill\objbill.fxp,5
      0.000,otrsp,get_obj,1040,g:\objbill\objbill.fxp,5
      0.000,otrsp,get_obj,1041,g:\objbill\objbill.fxp,5
      0.000,otrsp,get_obj,1042,g:\objbill\objbill.fxp,5
      0.000,otrsp,get_obj,1043,g:\objbill\objbill.fxp,5
      0.000,kntbill,getbill,272,g:\objbill\objbill.fxp,4
      4.025,kntbill,getbill,273,g:\objbill\objbill.fxp,4
      2.777,kntitm,get_itms,618,g:\objbill\objbill.fxp,5
      0.000,kntitm,get_itms,620,g:\objbill\objbill.fxp,5
      0.000,kntitm,get_itms,622,g:\objbill\objbill.fxp,5
      0.000,kntitm,get_itms,623,g:\objbill\objbill.fxp,5
      0.000,kntitm,get_itms,624,g:\objbill\objbill.fxp,5
      0.000,kntitm,get_itms,625,g:\objbill\objbill.fxp,5
      0.000,kntitm,get_itms,626,g:\objbill\objbill.fxp,5
      0.000,kntitm,get_itms,627,g:\objbill\objbill.fxp,5
      0.000,kntitm,get_itms,628,g:\objbill\objbill.fxp,5
      1.232,kntitm,get_itms,629,g:\objbill\objbill.fxp,5
      0.000,itm,init,700,g:\objbill\objbill.fxp,6
      1.186,itm,init,701,g:\objbill\objbill.fxp,6
      0.000,itm,init,703,g:\objbill\objbill.fxp,6
      0.015,itm,init,704,g:\objbill\objbill.fxp,6
      0.000,omcs,init,794,g:\objbill\objbill.fxp,7
      0.000,kmcs,init,25,g:\objbill\objmcs.fxp,8
      0.000,kmcs,init,26,g:\objbill\objmcs.fxp,8
      0.000,mcsd,init,139,g:\objbill\objmcs.fxp,9
      0.000,mcsd,init,140,g:\objbill\objmcs.fxp,9
      0.000,kmcs,init,27,g:\objbill\objmcs.fxp,8
      0.000,omcs,init,795,g:\objbill\objbill.fxp,7
      0.000,omcs,init,796,g:\objbill\objbill.fxp,7
      0.000,omcs,init,797,g:\objbill\objbill.fxp,7
      0.000,itm,init,705,g:\objbill\objbill.fxp,6
      0.000,kmcs,init,25,g:\objbill\objmcs.fxp,7
      0.000,kmcs,init,26,g:\objbill\objmcs.fxp,7
      0.000,mcsd,init,139,g:\objbill\objmcs.fxp,8
      0.000,mcsd,init,140,g:\objbill\objmcs.fxp,8
      0.000,kmcs,init,27,g:\objbill\objmcs.fxp,7
      0.000,itm,init,706,g:\objbill\objbill.fxp,6
      0.000,kntitm,get_itms,630,g:\objbill\objbill.fxp,5
      0.000,kntitm,get_itms,631,g:\objbill\objbill.fxp,5
      0.000,kntitm,get_itms,632,g:\objbill\objbill.fxp,5
      0.000,kntitm,get_itms,633,g:\objbill\objbill.fxp,5
      0.000,kntitm,get_itms,634,g:\objbill\objbill.fxp,5
      0.000,kntitm,get_itms,635,g:\objbill\objbill.fxp,5
      0.000,kntitm,get_itms,636,g:\objbill\objbill.fxp,5
      0.000,kntitm,get_itms,637,g:\objbill\objbill.fxp,5
      0.000,kntitm,get_itms,638,g:\objbill\objbill.fxp,5
      0.000,kntitm,get_itms,639,g:\objbill\objbill.fxp,5
      0.000,kntitm,get_itms,640,g:\objbill\objbill.fxp,5
      0.000,kntitm,get_itms,641,g:\objbill\objbill.fxp,5
      0.000,kntitm,get_itms,643,g:\objbill\objbill.fxp,5
      0.000,kntitm,get_itms,644,g:\objbill\objbill.fxp,5
      0.000,omcs,get_iki,813,g:\objbill\objbill.fxp,6
      0.000,omcs,get_iki,814,g:\objbill\objbill.fxp,6
      0.000,omcs,get_iki,815,g:\objbill\objbill.fxp,6
      0.000,omcs,get_iki,817,g:\objbill\objbill.fxp,6
      0.000,omcs,get_iki,818,g:\objbill\objbill.fxp,6
      0.000,omcs,get_iki,819,g:\objbill\objbill.fxp,6
      0.000,omcs,get_iki,820,g:\objbill\objbill.fxp,6
      0.000,omcs,get_iki,821,g:\objbill\objbill.fxp,6
      0.000,omcs,get_iki,822,g:\objbill\objbill.fxp,6
      0.000,omcs,get_iki,823,g:\objbill\objbill.fxp,6
      0.000,omcs,get_iki,824,g:\objbill\objbill.fxp,6
      0.000,omcs,get_iki,825,g:\objbill\objbill.fxp,6
      0.000,omcs,get_iki,826,g:\objbill\objbill.fxp,6
      0.000,omcs,get_iki,827,g:\objbill\objbill.fxp,6
      0.000,kntitm,get_itms,645,g:\objbill\objbill.fxp,5
      0.000,kntitm,get_itms,647,g:\objbill\objbill.fxp,5
      0.000,kntitm,get_itms,648,g:\objbill\objbill.fxp,5
      0.000,kntitm,get_itms,649,g:\objbill\objbill.fxp,5
      0.000,kntitm,get_itms,650,g:\objbill\objbill.fxp,5
      0.000,kntbill,getbill,276,g:\objbill\objbill.fxp,4
     24.336,kntbill,edibill,179,g:\objbill\objbill.fxp,3
      0.000,kntbill,rdbill,280,g:\objbill\objbill.fxp,4
      0.000,kntbill,rdbill,281,g:\objbill\objbill.fxp,4
      0.000,kntbill,rdbill,282,g:\objbill\objbill.fxp,4
      0.000,kntbill,rdbill,283,g:\objbill\objbill.fxp,4
      0.000,kntbill,rdbill,285,g:\objbill\objbill.fxp,4
      0.000,kntbill,rdbill,286,g:\objbill\objbill.fxp,4
      0.000,kntbill,rdbill,287,g:\objbill\objbill.fxp,4
      0.000,kntbill,rdbill,288,g:\objbill\objbill.fxp,4
      0.000,kntbill,rdbill,289,g:\objbill\objbill.fxp,4
      0.000,kntbill,rdbill,290,g:\objbill\objbill.fxp,4
      0.000,kntbill,rdbill,291,g:\objbill\objbill.fxp,4
      0.000,kntbill,rdbill,292,g:\objbill\objbill.fxp,4
      0.000,kntbill,rdbill,293,g:\objbill\objbill.fxp,4
      0.000,kntbill,rdbill,294,g:\objbill\objbill.fxp,4
      0.000,kntbill,rdbill,295,g:\objbill\objbill.fxp,4
      0.000,kntbill,rdbill,296,g:\objbill\objbill.fxp,4
      0.000,kntbill,rdbill,297,g:\objbill\objbill.fxp,4
      0.000,kntbill,rdbill,298,g:\objbill\objbill.fxp,4
      0.000,kntbill,rdbill,299,g:\objbill\objbill.fxp,4
      0.000,kntbill,rdbill,300,g:\objbill\objbill.fxp,4
      0.000,kntbill,rdbill,301,g:\objbill\objbill.fxp,4
      0.000,kntbill,rdbill,304,g:\objbill\objbill.fxp,4
     24.336,kntbill,rdbill,306,g:\objbill\objbill.fxp,4
      0.000,,frmtup.show,2,g:\objbill\frmtup.sct,5
      0.000,,frmtup.show,3,g:\objbill\frmtup.sct,5
      0.000,,frmtup.show,4,g:\objbill\frmtup.sct,5
      0.000,,frmtup.show,5,g:\objbill\frmtup.sct,5
      0.047,,frmtup.cmditm.click,2,g:\objbill\frmtup.sct,5
      0.000,,frmitm.show,3,g:\objbill\frmitm.sct,6
      0.000,,frmitm.show,4,g:\objbill\frmitm.sct,6
      0.000,,frmitm.show,5,g:\objbill\frmitm.sct,6
      0.000,,frmitm.show,6,g:\objbill\frmitm.sct,6
      0.000,,frmtup.cmditm.click,3,g:\objbill\frmtup.sct,5
      1.576,,frmtup.cmditm.click,4,g:\objbill\frmtup.sct,5
      0.000,,frmtup.cmditm.click,5,g:\objbill\frmtup.sct,5
      0.000,,frmitm.grditm.afterrowcolchange,2,g:\objbill\frmitm.sct,5
      0.000,,frmitm.grditm.afterrowcolchange,3,g:\objbill\frmitm.sct,5
      0.000,,frmitm.grditm.afterrowcolchange,4,g:\objbill\frmitm.sct,5
      0.000,,frmitm.grditm.afterrowcolchange,5,g:\objbill\frmitm.sct,5
      0.000,,frmitm.grditm.afterrowcolchange,6,g:\objbill\frmitm.sct,5
      0.000,,frmitm.grditm.afterrowcolchange,7,g:\objbill\frmitm.sct,5
      0.016,,frmitm.grditm.afterrowcolchange,11,g:\objbill\frmitm.sct,5
      0.000,,frmitm.grditm.afterrowcolchange,12,g:\objbill\frmitm.sct,5
      1.342,,frmitm.cmdback.click,1,g:\objbill\frmitm.sct,5
      0.015,,frmitm.cmdback.click,2,g:\objbill\frmitm.sct,5
     17.566,,frmitm.cmdback.click,3,g:\objbill\frmitm.sct,5
      0.000,,frmtup.show,2,g:\objbill\frmtup.sct,6
      0.000,,frmtup.show,3,g:\objbill\frmtup.sct,6
      0.000,,frmtup.show,4,g:\objbill\frmtup.sct,6
      0.000,,frmtup.show,5,g:\objbill\frmtup.sct,6
      0.031,,frmtup.cmditm.click,2,g:\objbill\frmtup.sct,6
      0.000,,frmitm.show,3,g:\objbill\frmitm.sct,7
      0.000,,frmitm.show,4,g:\objbill\frmitm.sct,7
      0.000,,frmitm.show,5,g:\objbill\frmitm.sct,7
      0.000,,frmitm.show,6,g:\objbill\frmitm.sct,7
      0.000,,frmtup.cmditm.click,3,g:\objbill\frmtup.sct,6
      1.779,,frmtup.cmditm.click,4,g:\objbill\frmtup.sct,6
      0.000,,frmtup.cmditm.click,5,g:\objbill\frmtup.sct,6