frmopr.cmdbkopn.Click()
frmopr.grdfrm.column3.text1.Click()
frmopr.cgropr.cmdedit.Click()
frmopr.cgropr.Click()
frmtup.cmditm.Click()
frmitm.cmdback.Click()
frmtup.cmditm.Click()
frmitm.cmdback.Click()
frmitm.cmdback.Click()
frmitm.cmdback.Click()
frmtup.cmditm.Click()
frmitm.cmdback.Click()
frmitm.cmdback.Click()
frmitm.cmdback.Click()
frmitm.cmdback.Click()
frmitm.Click()
frmitm.cmdback.Click()
frmtup.cmditm.Click()
frmitm.cmdback.Click()
frmitm.cmdback.Click()
frmtup.cmditm.Click()
frmitm.cmdback.Click()
frmitm.cmdback.Click()
frmitm.cmdback.Click()
frmitm.cmdback.Click()
frmitm.cmdback.Click()
frmtup.cmditm.Click()
frmitm.cmdback.Click()
frmitm.cmdback.Click()
frmtup.cgrsavcan.cmdsave.Click()
frmtup.cgrsavcan.Click()
frmopr.cmdbkcls.Click()
frmopr.cmdexit.Click()
frmopr.cmdexit.Click()
frmopr.cmdexit.Click()
frmopr.cmdexit.Click()
frmopr.cmdexit.Click()
frmopr.cmdexit.Click()
frmopr.cmdexit.Click()
frmopr.cmdexit.Click()
frmopr.cmdexit.Click()
frmopr.cmdexit.Click()
frmtup.cmditm.Click()
frmopr.cmdbkopn.Click()
frmopr.grdfrm.column3.text1.Click()
frmopr.cgropr.cmdedit.Click()
frmopr.cgropr.Click()
frmtup.cmditm.Click()
frmitm.cmdback.Click()
frmtup.cmditm.Click()
frmitm.cmdback.Click()
frmitm.cmdback.Click()
frmitm.cmdback.Click()
frmitm.cmdback.Click()
frmitm.cmdback.Click()
frmitm.cmdback.Click()
frmitm.cmdback.Click()
frmitm.cmdback.Click()
frmitm.cmdback.Click()
frmitm.cmdback.Click()
frmitm.cmdback.Click()
frmitm.cmdback.Click()
frmitm.cmdback.Click()
frmitm.cmdback.Click()
frmitm.cmdback.Click()
frmitm.cmdback.Click()
frmitm.grditm.column2.header1.Click()
frmitm.grditm.column2.header1.Click()
frmitm.grditm.column3.header1.Click()
frmitm.grditm.column3.header1.Click()
frmitm.cmdback.Click()
frmtup.Click()
frmtup.Click()
frmitm.cmdback.Click()
frmtup.Click()
frmopr.cmdbkopn.Click()
frmopr.grdfrm.column3.text1.Click()
frmopr.cgropr.cmdedit.Click()
frmopr.cgropr.Click()
frmtup.cmditm.Click()
frmtup.cmditm.Click()
frmtup.cmditm.Click()
frmtup.cgrsavcan.cmdcanc.Click()
frmtup.cgrsavcan.Click()
frmopr.grdfrm.column3.text1.Click()
frmopr.cgropr.cmdedit.Click()
frmopr.cgropr.Click()
frmtup.cmditm.Click()
frmtup.cmditm.Click()
frmtup.cmditm.Click()
frmtup.cmditm.Click()
frmtup.cgrsavcan.cmdcanc.Click()
frmtup.cgrsavcan.Click()
frmopr.Click()
frmopr.Click()
frmopr.cmdbkcls.Click()
frmopr.cmdexit.Click()
frmopr.cmdbkopn.Click()
frmopr.grdfrm.column3.text1.Click()
frmopr.cgropr.cmdedit.Click()
frmopr.cgropr.Click()
frmtup.cmditm.Click()
frmopr.cmdbkopn.Click()
frmopr.grdfrm.column3.text1.Click()
frmopr.cgropr.cmdedit.Click()
frmopr.cgropr.Click()
frmtup.cmditm.Click()
frmitm.cmdback.Click()
frmtup.cmditm.Click()
frmtup.cmditm.Click()
frmitm.cmdback.Click()
frmtup.cmditm.Click()
frmopr.cmdbkopn.Click()
frmopr.grdfrm.column3.text1.Click()
frmopr.cgropr.cmdedit.Click()
frmopr.cgropr.Click()
frmtup.cmditm.Click()
frmitm.cmdback.Click()
frmtup.cmditm.Click()
frmtup.cmditm.Click()
frmitm.cmdback.Click()
frmtup.cmditm.Click()
frmopr.cmdbkopn.Click()
frmopr.grdfrm.column3.text1.Click()
frmopr.cgropr.cmdedit.Click()
frmopr.cgropr.Click()
frmtup.cmditm.Click()
frmitm.cgropr.cmdedit.Click()
frmitm.cgropr.Click()
frmitm.cgropr.cmdedit.Click()
frmitm.cgropr.Click()
frmitm.Click()
frmopr.cmdbkopn.Click()
frmopr.grdfrm.column3.text1.Click()
frmopr.cgropr.cmdedit.Click()
frmopr.cgropr.Click()
frmtup.cmditm.Click()
frmitm.cmdback.Click()
frmtup.cmditm.Click()
frmitm.cmdback.Click()
frmtup.cmditm.Click()
frmitm.cmdback.Click()
frmtup.cgrsavcan.cmdcanc.Click()
frmtup.cgrsavcan.Click()
frmopr.cmdbkcls.Click()
frmopr.cmdexit.Click()
.column9.text1.Click()
.column9.text1.Click()
.column9.text1.Click()
.column9.text1.Click()
.column10.text1.Click()
.column11.text1.Click()
frmopr.cboyr.Click()
frmopr.cbobk.Click()
frmopr.cmdbkopn.Click()
frmopr.cmdbkcls.Click()
frmopr.cboyr.Click()
frmopr.cboyr.Click()
frmopr.cbobk.Click()
frmopr.cboyr.Click()
frmopr.cmdexit.Click()
frmopr.cmdbkopn.Click()
frmopr.grdfrm.column3.text1.Click()
frmopr.cgropr.cmdedit.Click()
frmopr.cgropr.Click()
frmopr.cmdbkopn.Click()
frmopr.grdfrm.column3.text1.Click()
frmopr.cgropr.cmdedit.Click()
frmopr.cgropr.Click()
frmopr.cmdbkopn.Click()
frmopr.grdfrm.column3.text1.Click()
frmopr.cgropr.cmdedit.Click()
frmopr.cgropr.Click()
frmtup.Click()
frmtup.cmditm.Click()
frmitm.cgropr.cmdadd.Click()
frmitm.cgropr.Click()
frmitm.cmbtyp.Click()
frmitm.txthsn.Click()
frmitm.edidesc.Click()
frmitm.edidesc.Click()
frmitm.txtmfg.Click()
frmitm.Click()
frmitm.Click()
frmitm.txticode.Click()
frmitm.txticode.Click()
frmitm.edidesc.Click()
frmitm.txthsn.Click()
frmitm.Click()
frmitm.Click()
frmitm.Click()
frmitm.cmbtyp.Click()
frmitm.cmbtyp.Click()
frmitm.cmbtyp.Click()
frmitm.txtamt.Click()
frmitm.cgrsavcan.cmdcanc.Click()
frmitm.cgrsavcan.Click()
frmitm.grditm.Click()
frmitm.cmdback.Click()
frmtup.cgrsavcan.cmdsave.Click()
frmtup.cgrsavcan.Click()
frmopr.Click()
frmopr.Click()
frmopr.cmdbkcls.Click()
frmopr.cmdexit.Click()
